<!DOCTYPE html PUBLIC "-//W3C//DTD XHTML 1.1//EN" "http://www.w3.org/TR/xhtml11/DTD/xhtml11.dtd">
<html xmlns="http://www.w3.org/1999/xhtml"><head><title>TestNG Report</title><style type="text/css">table {margin-bottom:10px;border-collapse:collapse;empty-cells:show}th,td {border:1px solid #009;padding:.25em .5em}th {vertical-align:bottom}td {vertical-align:top}table a {font-weight:bold}.stripe td {background-color: #E6EBF9}.num {text-align:right}.passedodd td {background-color: #3F3}.passedeven td {background-color: #0A0}.skippedodd td {background-color: #DDD}.skippedeven td {background-color: #CCC}.failedodd td,.attn {background-color: #F33}.failedeven td,.stripe .attn {background-color: #D00}.stacktrace {white-space:pre;font-family:monospace}.totop {font-size:85%;text-align:center;border-bottom:2px solid #000}</style></head><body><table><tr><th>Test</th><th># Passed</th><th># Skipped</th><th># Failed</th><th>Time (ms)</th><th>Included Groups</th><th>Excluded Groups</th></tr><tr><th colspan="7">Suite ua.gov.uz.test</th></tr><tr><td><a href="#t0">Test booking</a></td><td class="num">0</td><td class="num">0</td><td class="num attn">1</td><td class="num">65,531</td><td></td><td></td></tr></table><table><thead><tr><th>Class</th><th>Method</th><th>Start</th><th>Time (ms)</th></tr></thead><tbody><tr><th colspan="4">Suite ua.gov.uz.test</th></tr></tbody><tbody id="t0"><tr><th colspan="4">Test booking &#8212; failed</th></tr><tr class="failedeven"><td rowspan="1">ua.gov.uz.test.OrderTest</td><td><a href="#m0">Kyiv</a></td><td rowspan="1">1415092313665</td><td rowspan="1">58487</td></tr></tbody></table><h2>Test booking</h2><h3 id="m0">ua.gov.uz.test.OrderTest#Kyiv</h3><table class="result"><tr><th>Messages</th></tr><tr><td><div class="messages">screenshot for [TestResult name=Kyiv status=FAILURE method=OrderTest.Kyiv()[pri:0, instance:ua.gov.uz.test.OrderTest@1bc6a36e] output={null}]&lt;div style=&quot;height:768px; width: 1024px; overflow:scroll&quot;&gt;&lt;img src=&quot;../Kyiv.jpg&quot;&gt;&lt;/div&gt;<br/>screenshot for [TestResult name=Kyiv status=FAILURE method=OrderTest.Kyiv()[pri:0, instance:ua.gov.uz.test.OrderTest@1bc6a36e] output=screenshot for [TestResult name=Kyiv status=FAILURE method=OrderTest.Kyiv()[pri:0, instance:ua.gov.uz.test.OrderTest@1bc6a36e] output={null}]&lt;div style=&quot;height:768px; width: 1024px; overflow:scroll&quot;&gt;&lt;img src=&quot;../Kyiv.jpg&quot;&gt;&lt;/div&gt;]&lt;div style=&quot;height:768px; width: 1024px; overflow:scroll&quot;&gt;&lt;img src=&quot;../Kyiv.jpg&quot;&gt;&lt;/div&gt;</div></td></tr><tr><th>Exception</th></tr><tr><td><div class="stacktrace">org.openqa.selenium.NoSuchElementException: Unable to locate element: {&quot;method&quot;:&quot;xpath&quot;,&quot;selector&quot;:&quot;.//*[@id=&apos;cart_table&apos;]/tbody/tr[11]&quot;}
Command duration or timeout: 15.09 seconds
For documentation on this error, please visit: http://seleniumhq.org/exceptions/no_such_element.html
Build info: version: &apos;2.44.0&apos;, revision: &apos;76d78cf&apos;, time: &apos;2014-10-23 20:02:37&apos;
System info: host: &apos;PC-MAM&apos;, ip: &apos;172.30.13.13&apos;, os.name: &apos;Windows 7&apos;, os.arch: &apos;amd64&apos;, os.version: &apos;6.1&apos;, java.version: &apos;1.8.0_25&apos;
Driver info: org.openqa.selenium.firefox.FirefoxDriver
Capabilities [{applicationCacheEnabled=true, rotatable=false, handlesAlerts=true, databaseEnabled=true, version=33.0.1, platform=WINDOWS, nativeEvents=true, acceptSslCerts=true, webStorageEnabled=true, locationContextEnabled=true, browserName=firefox, takesScreenshot=true, javascriptEnabled=true, cssSelectorsEnabled=true}]
Session ID: 3d6e6364-ac56-4a9b-99db-5714d5752161
	at org.openqa.selenium.remote.ErrorHandler.createThrowable(ErrorHandler.java:204)
	at org.openqa.selenium.remote.ErrorHandler.throwIfResponseFailed(ErrorHandler.java:156)
	at org.openqa.selenium.remote.RemoteWebDriver.execute(RemoteWebDriver.java:599)
	at org.openqa.selenium.remote.RemoteWebDriver.findElement(RemoteWebDriver.java:352)
	at org.openqa.selenium.remote.RemoteWebDriver.findElementByXPath(RemoteWebDriver.java:449)
	at org.openqa.selenium.By$ByXPath.findElement(By.java:357)
	at org.openqa.selenium.remote.RemoteWebDriver.findElement(RemoteWebDriver.java:344)
	at org.openqa.selenium.support.events.EventFiringWebDriver$2.invoke(EventFiringWebDriver.java:101)
	at com.sun.proxy.$Proxy9.findElement(Unknown Source)
	at org.openqa.selenium.support.events.EventFiringWebDriver.findElement(EventFiringWebDriver.java:184)
	at ua.gov.uz.page.ResultPage.showingPrices(ResultPage.java:78)
	at ua.gov.uz.test.OrderTest.Kyiv(OrderTest.java:24)
Caused by: org.openqa.selenium.NoSuchElementException: Unable to locate element: {&quot;method&quot;:&quot;xpath&quot;,&quot;selector&quot;:&quot;.//*[@id=&apos;cart_table&apos;]/tbody/tr[11]&quot;}
For documentation on this error, please visit: http://seleniumhq.org/exceptions/no_such_element.html
Build info: version: &apos;2.44.0&apos;, revision: &apos;76d78cf&apos;, time: &apos;2014-10-23 20:02:37&apos;
System info: host: &apos;PC-MAM&apos;, ip: &apos;172.30.13.13&apos;, os.name: &apos;Windows 7&apos;, os.arch: &apos;amd64&apos;, os.version: &apos;6.1&apos;, java.version: &apos;1.8.0_25&apos;
Driver info: driver.version: unknown
	at &lt;anonymous class&gt;.FirefoxDriver.prototype.findElementInternal_(file:///C:/Users/mam/AppData/Local/Temp/anonymous3567024483650136389webdriver-profile/extensions/fxdriver@googlecode.com/components/driver-component.js:9641:26)
	at &lt;anonymous class&gt;.fxdriver.Timer.prototype.setTimeout/&lt;.notify(file:///C:/Users/mam/AppData/Local/Temp/anonymous3567024483650136389webdriver-profile/extensions/fxdriver@googlecode.com/components/driver-component.js:548:5)
... Removed 31 stack frames</div></td></tr></table><p class="totop"><a href="#summary">back to summary</a></p></body></html>