<?xml version="1.0" encoding="UTF-8"?>
<testng-results skipped="0" failed="1" total="1" passed="0">
  <reporter-output>
    <line>
      <![CDATA[screenshot for [TestResult name=Kyiv status=FAILURE method=OrderTest.Kyiv()[pri:0, instance:ua.gov.uz.test.OrderTest@1bc6a36e] output={null}]<div style="height:768px; width: 1024px; overflow:scroll"><img src="../Kyiv.jpg"></div>]]>
    </line>
    <line>
      <![CDATA[screenshot for [TestResult name=Kyiv status=FAILURE method=OrderTest.Kyiv()[pri:0, instance:ua.gov.uz.test.OrderTest@1bc6a36e] output=screenshot for [TestResult name=Kyiv status=FAILURE method=OrderTest.Kyiv()[pri:0, instance:ua.gov.uz.test.OrderTest@1bc6a36e] output={null}]<div style="height:768px; width: 1024px; overflow:scroll"><img src="../Kyiv.jpg"></div>]<div style="height:768px; width: 1024px; overflow:scroll"><img src="../Kyiv.jpg"></div>]]>
    </line>
  </reporter-output>
  <suite name="Suite ua.gov.uz.test" duration-ms="65531" started-at="2014-11-04T09:11:47Z" finished-at="2014-11-04T09:12:53Z">
    <groups>
    </groups>
    <test name="Test booking" duration-ms="65531" started-at="2014-11-04T09:11:47Z" finished-at="2014-11-04T09:12:53Z">
      <class name="ua.gov.uz.test.OrderTest">
        <test-method status="PASS" signature="setUp(java.lang.String)[pri:0, instance:ua.gov.uz.test.OrderTest@1bc6a36e]" name="setUp" is-config="true" duration-ms="5690" started-at="2014-11-04T11:11:47Z" finished-at="2014-11-04T11:11:53Z">
          <params>
            <param index="0">
              <value>
                <![CDATA[firefox]]>
              </value>
            </param>
          </params>
          <reporter-output>
          </reporter-output>
        </test-method> <!-- setUp -->
        <test-method status="FAIL" signature="Kyiv()[pri:0, instance:ua.gov.uz.test.OrderTest@1bc6a36e]" name="Kyiv" duration-ms="58487" started-at="2014-11-04T11:11:53Z" finished-at="2014-11-04T11:12:52Z">
          <exception class="org.openqa.selenium.NoSuchElementException">
            <message>
              <![CDATA[Unable to locate element: {"method":"xpath","selector":".//*[@id='cart_table']/tbody/tr[11]"}
Command duration or timeout: 15.09 seconds
For documentation on this error, please visit: http://seleniumhq.org/exceptions/no_such_element.html
Build info: version: '2.44.0', revision: '76d78cf', time: '2014-10-23 20:02:37'
System info: host: 'PC-MAM', ip: '172.30.13.13', os.name: 'Windows 7', os.arch: 'amd64', os.version: '6.1', java.version: '1.8.0_25'
Driver info: org.openqa.selenium.firefox.FirefoxDriver
Capabilities [{applicationCacheEnabled=true, rotatable=false, handlesAlerts=true, databaseEnabled=true, version=33.0.1, platform=WINDOWS, nativeEvents=true, acceptSslCerts=true, webStorageEnabled=true, locationContextEnabled=true, browserName=firefox, takesScreenshot=true, javascriptEnabled=true, cssSelectorsEnabled=true}]
Session ID: 3d6e6364-ac56-4a9b-99db-5714d5752161]]>
            </message>
            <full-stacktrace>
              <![CDATA[org.openqa.selenium.NoSuchElementException: Unable to locate element: {"method":"xpath","selector":".//*[@id='cart_table']/tbody/tr[11]"}
Command duration or timeout: 15.09 seconds
For documentation on this error, please visit: http://seleniumhq.org/exceptions/no_such_element.html
Build info: version: '2.44.0', revision: '76d78cf', time: '2014-10-23 20:02:37'
System info: host: 'PC-MAM', ip: '172.30.13.13', os.name: 'Windows 7', os.arch: 'amd64', os.version: '6.1', java.version: '1.8.0_25'
Driver info: org.openqa.selenium.firefox.FirefoxDriver
Capabilities [{applicationCacheEnabled=true, rotatable=false, handlesAlerts=true, databaseEnabled=true, version=33.0.1, platform=WINDOWS, nativeEvents=true, acceptSslCerts=true, webStorageEnabled=true, locationContextEnabled=true, browserName=firefox, takesScreenshot=true, javascriptEnabled=true, cssSelectorsEnabled=true}]
Session ID: 3d6e6364-ac56-4a9b-99db-5714d5752161
	at sun.reflect.NativeConstructorAccessorImpl.newInstance0(Native Method)
	at sun.reflect.NativeConstructorAccessorImpl.newInstance(Unknown Source)
	at sun.reflect.DelegatingConstructorAccessorImpl.newInstance(Unknown Source)
	at java.lang.reflect.Constructor.newInstance(Unknown Source)
	at org.openqa.selenium.remote.ErrorHandler.createThrowable(ErrorHandler.java:204)
	at org.openqa.selenium.remote.ErrorHandler.throwIfResponseFailed(ErrorHandler.java:156)
	at org.openqa.selenium.remote.RemoteWebDriver.execute(RemoteWebDriver.java:599)
	at org.openqa.selenium.remote.RemoteWebDriver.findElement(RemoteWebDriver.java:352)
	at org.openqa.selenium.remote.RemoteWebDriver.findElementByXPath(RemoteWebDriver.java:449)
	at org.openqa.selenium.By$ByXPath.findElement(By.java:357)
	at org.openqa.selenium.remote.RemoteWebDriver.findElement(RemoteWebDriver.java:344)
	at sun.reflect.GeneratedMethodAccessor5.invoke(Unknown Source)
	at sun.reflect.DelegatingMethodAccessorImpl.invoke(Unknown Source)
	at java.lang.reflect.Method.invoke(Unknown Source)
	at org.openqa.selenium.support.events.EventFiringWebDriver$2.invoke(EventFiringWebDriver.java:101)
	at com.sun.proxy.$Proxy9.findElement(Unknown Source)
	at org.openqa.selenium.support.events.EventFiringWebDriver.findElement(EventFiringWebDriver.java:184)
	at ua.gov.uz.page.ResultPage.showingPrices(ResultPage.java:78)
	at ua.gov.uz.test.OrderTest.Kyiv(OrderTest.java:24)
	at sun.reflect.NativeMethodAccessorImpl.invoke0(Native Method)
	at sun.reflect.NativeMethodAccessorImpl.invoke(Unknown Source)
	at sun.reflect.DelegatingMethodAccessorImpl.invoke(Unknown Source)
	at java.lang.reflect.Method.invoke(Unknown Source)
	at org.testng.internal.MethodInvocationHelper.invokeMethod(MethodInvocationHelper.java:84)
	at org.testng.internal.Invoker.invokeMethod(Invoker.java:714)
	at org.testng.internal.Invoker.invokeTestMethod(Invoker.java:901)
	at org.testng.internal.Invoker.invokeTestMethods(Invoker.java:1231)
	at org.testng.internal.TestMethodWorker.invokeTestMethods(TestMethodWorker.java:127)
	at org.testng.internal.TestMethodWorker.run(TestMethodWorker.java:111)
	at org.testng.TestRunner.privateRun(TestRunner.java:767)
	at org.testng.TestRunner.run(TestRunner.java:617)
	at org.testng.SuiteRunner.runTest(SuiteRunner.java:334)
	at org.testng.SuiteRunner.runSequentially(SuiteRunner.java:329)
	at org.testng.SuiteRunner.privateRun(SuiteRunner.java:291)
	at org.testng.SuiteRunner.run(SuiteRunner.java:240)
	at org.testng.SuiteRunnerWorker.runSuite(SuiteRunnerWorker.java:52)
	at org.testng.SuiteRunnerWorker.run(SuiteRunnerWorker.java:86)
	at org.testng.TestNG.runSuitesSequentially(TestNG.java:1224)
	at org.testng.TestNG.runSuitesLocally(TestNG.java:1149)
	at org.testng.TestNG.run(TestNG.java:1057)
	at org.testng.remote.RemoteTestNG.run(RemoteTestNG.java:111)
	at org.testng.remote.RemoteTestNG.initAndRun(RemoteTestNG.java:204)
	at org.testng.remote.RemoteTestNG.main(RemoteTestNG.java:175)
Caused by: org.openqa.selenium.NoSuchElementException: Unable to locate element: {"method":"xpath","selector":".//*[@id='cart_table']/tbody/tr[11]"}
For documentation on this error, please visit: http://seleniumhq.org/exceptions/no_such_element.html
Build info: version: '2.44.0', revision: '76d78cf', time: '2014-10-23 20:02:37'
System info: host: 'PC-MAM', ip: '172.30.13.13', os.name: 'Windows 7', os.arch: 'amd64', os.version: '6.1', java.version: '1.8.0_25'
Driver info: driver.version: unknown
	at <anonymous class>.FirefoxDriver.prototype.findElementInternal_(file:///C:/Users/mam/AppData/Local/Temp/anonymous3567024483650136389webdriver-profile/extensions/fxdriver@googlecode.com/components/driver-component.js:9641:26)
	at <anonymous class>.fxdriver.Timer.prototype.setTimeout/<.notify(file:///C:/Users/mam/AppData/Local/Temp/anonymous3567024483650136389webdriver-profile/extensions/fxdriver@googlecode.com/components/driver-component.js:548:5)
]]>
            </full-stacktrace>
          </exception> <!-- org.openqa.selenium.NoSuchElementException -->
          <reporter-output>
            <line>
              <![CDATA[screenshot for [TestResult name=Kyiv status=FAILURE method=OrderTest.Kyiv()[pri:0, instance:ua.gov.uz.test.OrderTest@1bc6a36e] output={null}]<div style="height:768px; width: 1024px; overflow:scroll"><img src="../Kyiv.jpg"></div>]]>
            </line>
            <line>
              <![CDATA[screenshot for [TestResult name=Kyiv status=FAILURE method=OrderTest.Kyiv()[pri:0, instance:ua.gov.uz.test.OrderTest@1bc6a36e] output=screenshot for [TestResult name=Kyiv status=FAILURE method=OrderTest.Kyiv()[pri:0, instance:ua.gov.uz.test.OrderTest@1bc6a36e] output={null}]<div style="height:768px; width: 1024px; overflow:scroll"><img src="../Kyiv.jpg"></div>]<div style="height:768px; width: 1024px; overflow:scroll"><img src="../Kyiv.jpg"></div>]]>
            </line>
          </reporter-output>
        </test-method> <!-- Kyiv -->
        <test-method status="PASS" signature="tearDown()[pri:0, instance:ua.gov.uz.test.OrderTest@1bc6a36e]" name="tearDown" is-config="true" duration-ms="249" started-at="2014-11-04T11:12:53Z" finished-at="2014-11-04T11:12:53Z">
          <reporter-output>
          </reporter-output>
        </test-method> <!-- tearDown -->
      </class> <!-- ua.gov.uz.test.OrderTest -->
    </test> <!-- Test booking -->
  </suite> <!-- Suite ua.gov.uz.test -->
</testng-results>
